<?xml version="1.0" encoding="UTF-8"?>
<testsuite name="AppTest" tests="2" skipped="0" failures="1" errors="0" timestamp="2016-05-01T22:36:15" hostname="epicodus-74.local" time="0.352">
  <properties/>
  <testcase name="rootTest" classname="AppTest" time="0.282"/>
  <testcase name="isDashedForVowels" classname="AppTest" time="0.065">
    <failure message="java.lang.AssertionError: &#10;Expecting:&#10; &lt;&quot;&lt;?xml version=&quot;1.0&quot; encoding=&quot;UTF-8&quot;?&gt;&#13;&#10;&lt;html&gt;&#13;&#10;  &lt;head&gt;&#13;&#10;    &lt;title&gt;&#13;&#10;      Vowel Word Game&#13;&#10;    &lt;/title&gt;&#13;&#10;    &lt;link rel=&quot;stylesheet&quot; href=&quot;https://maxcdn.bootstrapcdn.com/bootstrap/3.2.0/css/bootstrap.min.css&quot;/&gt;&#13;&#10;    &lt;link rel=&quot;stylesheet&quot; href=&quot;/app.css&quot;/&gt;&#13;&#10;  &lt;/head&gt;&#13;&#10;  &lt;body&gt;&#13;&#10;    &lt;div class=&quot;container&quot;&gt;&#13;&#10;      &lt;div class=&quot;row&quot;&gt;&#13;&#10;        &lt;div class=&quot;col-sm-8 col-sm-offset-2&quot;&gt;&#13;&#10;          &lt;br/&gt;&#13;&#10;          &lt;div class=&quot;panel panel-default&quot;&gt;&#13;&#10;            &lt;div class=&quot;panel-heading&quot;&gt;&#13;&#10;              &lt;h2 class=&quot;panel-title center-stuff&quot;&gt;&#13;&#10;                Can you guess the missing vowels?&#13;&#10;              &lt;/h2&gt;&#13;&#10;            &lt;/div&gt;&#13;&#10;            &lt;div class=&quot;panel-body center-stuff&quot;&gt;&#13;&#10;              &lt;h2&gt;&#13;&#10;                t-st&#13;&#10;              &lt;/h2&gt;&#13;&#10;            &lt;/div&gt;&#13;&#10;          &lt;/div&gt;&#13;&#10;          &lt;form action=&quot;/check&quot; method=&quot;post&quot; class=&quot;centered text-center&quot;&gt;&#13;&#10;            &lt;h3&gt;&#13;&#10;              &lt;label for=&quot;Word Check&quot;&gt;&#13;&#10;                Type your best guess:&#13;&#10;              &lt;/label&gt;&#13;&#10;            &lt;/h3&gt;&#13;&#10;            &lt;div class=&quot;center-stuff&quot;&gt;&#13;&#10;              &lt;input name=&quot;inputGuess&quot; type=&quot;text&quot; class=&quot;center-stuff form-control&quot; placeholder=&quot;Solve here&quot;/&gt;&#13;&#10;              &lt;br/&gt;&#13;&#10;              &lt;br/&gt;&#13;&#10;              &lt;button type=&quot;submit&quot; class=&quot;btn btn-primary btn-lg&quot;&gt;&#13;&#10;                Check&#13;&#10;              &lt;/button&gt;&#13;&#10;            &lt;/div&gt;&#13;&#10;          &lt;/form&gt;&#13;&#10;        &lt;/div&gt;&#13;&#10;      &lt;/div&gt;&#13;&#10;    &lt;/div&gt;&#13;&#10;  &lt;/body&gt;&#13;&#10;&lt;/html&gt;&#13;&#10;&quot;&gt;&#10;to contain:&#10; &lt;&quot;t--t&quot;&gt; " type="java.lang.AssertionError">java.lang.AssertionError: 
Expecting:
 &lt;&quot;&lt;?xml version=&quot;1.0&quot; encoding=&quot;UTF-8&quot;?&gt;
&lt;html&gt;
  &lt;head&gt;
    &lt;title&gt;
      Vowel Word Game
    &lt;/title&gt;
    &lt;link rel=&quot;stylesheet&quot; href=&quot;https://maxcdn.bootstrapcdn.com/bootstrap/3.2.0/css/bootstrap.min.css&quot;/&gt;
    &lt;link rel=&quot;stylesheet&quot; href=&quot;/app.css&quot;/&gt;
  &lt;/head&gt;
  &lt;body&gt;
    &lt;div class=&quot;container&quot;&gt;
      &lt;div class=&quot;row&quot;&gt;
        &lt;div class=&quot;col-sm-8 col-sm-offset-2&quot;&gt;
          &lt;br/&gt;
          &lt;div class=&quot;panel panel-default&quot;&gt;
            &lt;div class=&quot;panel-heading&quot;&gt;
              &lt;h2 class=&quot;panel-title center-stuff&quot;&gt;
                Can you guess the missing vowels?
              &lt;/h2&gt;
            &lt;/div&gt;
            &lt;div class=&quot;panel-body center-stuff&quot;&gt;
              &lt;h2&gt;
                t-st
              &lt;/h2&gt;
            &lt;/div&gt;
          &lt;/div&gt;
          &lt;form action=&quot;/check&quot; method=&quot;post&quot; class=&quot;centered text-center&quot;&gt;
            &lt;h3&gt;
              &lt;label for=&quot;Word Check&quot;&gt;
                Type your best guess:
              &lt;/label&gt;
            &lt;/h3&gt;
            &lt;div class=&quot;center-stuff&quot;&gt;
              &lt;input name=&quot;inputGuess&quot; type=&quot;text&quot; class=&quot;center-stuff form-control&quot; placeholder=&quot;Solve here&quot;/&gt;
              &lt;br/&gt;
              &lt;br/&gt;
              &lt;button type=&quot;submit&quot; class=&quot;btn btn-primary btn-lg&quot;&gt;
                Check
              &lt;/button&gt;
            &lt;/div&gt;
          &lt;/form&gt;
        &lt;/div&gt;
      &lt;/div&gt;
    &lt;/div&gt;
  &lt;/body&gt;
&lt;/html&gt;
&quot;&gt;
to contain:
 &lt;&quot;t--t&quot;&gt; 
	at AppTest.isDashedForVowels(AppTest.java:31)
	at sun.reflect.NativeMethodAccessorImpl.invoke0(Native Method)
	at sun.reflect.NativeMethodAccessorImpl.invoke(NativeMethodAccessorImpl.java:62)
	at sun.reflect.DelegatingMethodAccessorImpl.invoke(DelegatingMethodAccessorImpl.java:43)
	at java.lang.reflect.Method.invoke(Method.java:497)
	at org.junit.runners.model.FrameworkMethod$1.runReflectiveCall(FrameworkMethod.java:50)
	at org.junit.internal.runners.model.ReflectiveCallable.run(ReflectiveCallable.java:12)
	at org.junit.runners.model.FrameworkMethod.invokeExplosively(FrameworkMethod.java:47)
	at org.junit.internal.runners.statements.InvokeMethod.evaluate(InvokeMethod.java:17)
	at org.junit.rules.TestWatcher$1.evaluate(TestWatcher.java:55)
	at org.junit.rules.TestWatcher$1.evaluate(TestWatcher.java:55)
	at org.junit.rules.RunRules.evaluate(RunRules.java:20)
	at org.junit.runners.ParentRunner.runLeaf(ParentRunner.java:325)
	at org.junit.runners.BlockJUnit4ClassRunner.runChild(BlockJUnit4ClassRunner.java:78)
	at org.junit.runners.BlockJUnit4ClassRunner.runChild(BlockJUnit4ClassRunner.java:57)
	at org.junit.runners.ParentRunner$3.run(ParentRunner.java:290)
	at org.junit.runners.ParentRunner$1.schedule(ParentRunner.java:71)
	at org.junit.runners.ParentRunner.runChildren(ParentRunner.java:288)
	at org.junit.runners.ParentRunner.access$000(ParentRunner.java:58)
	at org.junit.runners.ParentRunner$2.evaluate(ParentRunner.java:268)
	at org.junit.internal.runners.statements.RunAfters.evaluate(RunAfters.java:27)
	at org.junit.rules.ExternalResource$1.evaluate(ExternalResource.java:48)
	at org.junit.rules.RunRules.evaluate(RunRules.java:20)
	at org.junit.runners.ParentRunner.run(ParentRunner.java:363)
	at org.gradle.api.internal.tasks.testing.junit.JUnitTestClassExecuter.runTestClass(JUnitTestClassExecuter.java:105)
	at org.gradle.api.internal.tasks.testing.junit.JUnitTestClassExecuter.execute(JUnitTestClassExecuter.java:56)
	at org.gradle.api.internal.tasks.testing.junit.JUnitTestClassProcessor.processTestClass(JUnitTestClassProcessor.java:64)
	at org.gradle.api.internal.tasks.testing.SuiteTestClassProcessor.processTestClass(SuiteTestClassProcessor.java:50)
	at sun.reflect.NativeMethodAccessorImpl.invoke0(Native Method)
	at sun.reflect.NativeMethodAccessorImpl.invoke(NativeMethodAccessorImpl.java:62)
	at sun.reflect.DelegatingMethodAccessorImpl.invoke(DelegatingMethodAccessorImpl.java:43)
	at java.lang.reflect.Method.invoke(Method.java:497)
	at org.gradle.messaging.dispatch.ReflectionDispatch.dispatch(ReflectionDispatch.java:35)
	at org.gradle.messaging.dispatch.ReflectionDispatch.dispatch(ReflectionDispatch.java:24)
	at org.gradle.messaging.dispatch.ContextClassLoaderDispatch.dispatch(ContextClassLoaderDispatch.java:32)
	at org.gradle.messaging.dispatch.ProxyDispatchAdapter$DispatchingInvocationHandler.invoke(ProxyDispatchAdapter.java:93)
	at com.sun.proxy.$Proxy2.processTestClass(Unknown Source)
	at org.gradle.api.internal.tasks.testing.worker.TestWorker.processTestClass(TestWorker.java:106)
	at sun.reflect.NativeMethodAccessorImpl.invoke0(Native Method)
	at sun.reflect.NativeMethodAccessorImpl.invoke(NativeMethodAccessorImpl.java:62)
	at sun.reflect.DelegatingMethodAccessorImpl.invoke(DelegatingMethodAccessorImpl.java:43)
	at java.lang.reflect.Method.invoke(Method.java:497)
	at org.gradle.messaging.dispatch.ReflectionDispatch.dispatch(ReflectionDispatch.java:35)
	at org.gradle.messaging.dispatch.ReflectionDispatch.dispatch(ReflectionDispatch.java:24)
	at org.gradle.messaging.remote.internal.hub.MessageHub$Handler.run(MessageHub.java:360)
	at org.gradle.internal.concurrent.ExecutorPolicy$CatchAndRecordFailures.onExecute(ExecutorPolicy.java:54)
	at org.gradle.internal.concurrent.StoppableExecutorImpl$1.run(StoppableExecutorImpl.java:40)
	at java.util.concurrent.ThreadPoolExecutor.runWorker(ThreadPoolExecutor.java:1142)
	at java.util.concurrent.ThreadPoolExecutor$Worker.run(ThreadPoolExecutor.java:617)
	at java.lang.Thread.run(Thread.java:745)
</failure>
  </testcase>
  <system-out><![CDATA[]]></system-out>
  <system-err><![CDATA[[Thread-4] INFO org.eclipse.jetty.util.log - Logging initialized @535ms
[Thread-4] INFO spark.webserver.JettySparkServer - == Spark has ignited ...
[Thread-4] INFO spark.webserver.JettySparkServer - >> Listening on 0.0.0.0:4567
[Thread-4] INFO org.eclipse.jetty.server.Server - jetty-9.3.2.v20150730
[Thread-4] INFO org.eclipse.jetty.server.ServerConnector - Started ServerConnector@7ba7fe58{HTTP/1.1,[http/1.1]}{0.0.0.0:4567}
[Thread-4] INFO org.eclipse.jetty.server.Server - Started @632ms
[Test worker] INFO spark.webserver.JettySparkServer - >>> Spark shutting down ...
[Test worker] INFO org.eclipse.jetty.server.ServerConnector - Stopped ServerConnector@7ba7fe58{HTTP/1.1,[http/1.1]}{0.0.0.0:4567}
[Test worker] INFO spark.webserver.JettySparkServer - done
]]></system-err>
</testsuite>
